2018-09-10 20:35:18 ERROR Dao:37 - Cannot add or update a child row: a foreign key constraint fails (`Contact`.`document`, CONSTRAINT `document_ibfk_1` FOREIGN KEY (`contact_id`) REFERENCES `contact` (`id`))
2018-09-10 20:39:30 ERROR Dao:37 - Cannot add or update a child row: a foreign key constraint fails (`Contact`.`document`, CONSTRAINT `document_ibfk_1` FOREIGN KEY (`contact_id`) REFERENCES `contact` (`id`))
2018-09-10 20:41:27 ERROR Dao:38 - Cannot add or update a child row: a foreign key constraint fails (`Contact`.`document`, CONSTRAINT `document_ibfk_1` FOREIGN KEY (`contact_id`) REFERENCES `contact` (`id`))
2018-09-10 20:41:27 ERROR Dao:39 - Exception during 'INSERT INTO document(path, contact_id, name) VALUES ('/resources/pics/python-yamusic-master.zip','1','python-yamusic-master.zip')'
2018-09-11 21:29:28 ERROR Dao:38 - Incorrect integer value: 'null' for column 'address_id' at row 1
2018-09-11 21:29:28 ERROR Dao:39 - Exception during 'UPDATE contact SET name='Roman', surname='Medvedev', patronymic='Sergeevich', date_of_birth='2000-01-01', gender='Male', citizenship='Belarus', family_status='Single', site='vk.com/prostrmk',email='prostrmk@gmail.com',job='none',address_id='null' WHERE id='2''
2018-09-11 21:32:31 ERROR Dao:38 - Incorrect integer value: 'NULL' for column 'address_id' at row 1
2018-09-11 21:32:31 ERROR Dao:39 - Exception during 'UPDATE contact SET name='Roman', surname='Medvedev', patronymic='Sergeevich', date_of_birth='2000-01-01', gender='Male', citizenship='Belarus', family_status='Single', site='vk.com/prostrmk',email='prostrmk@gmail.com',job='none',address_id='NULL' WHERE id='2''
2018-09-11 21:33:47 ERROR Dao:38 - Incorrect integer value: '' for column 'address_id' at row 1
2018-09-11 21:33:47 ERROR Dao:39 - Exception during 'UPDATE contact SET name='Roman', surname='Medvedev', patronymic='Sergeevich', date_of_birth='2000-01-01', gender='Male', citizenship='Belarus', family_status='Single', site='vk.com/prostrmk',email='prostrmk@gmail.com',job='none',address_id='' WHERE id='2''
2018-09-12 22:15:45 ERROR AddressDao:63 - Before start of result set
2018-09-13 12:40:49 ERROR Dao:38 - You have an error in your SQL syntax; check the manual that corresponds to your MySQL server version for the right syntax to use near 'sss','sss','2000-01-01','Male','Belarus','Single','','prostrmk@gmail.com','')' at line 1
2018-09-13 12:40:49 ERROR Dao:39 - Exception during 'INSERT INTO contact(name, surname, patronymic, date_of_birth, gender, citizenship, family_status, site, email, job) VALUES ('gggg'','sss','sss','2000-01-01','Male','Belarus','Single','','prostrmk@gmail.com','')'
2018-09-13 15:11:35 ERROR Dao:25 - Connection error: Database/src/main/resources/database.properties (No such file or directory)
2018-09-13 15:11:35 ERROR Dao:25 - Connection error: Database/src/main/resources/database.properties (No such file or directory)
2018-09-13 15:11:35 ERROR Dao:25 - Connection error: Database/src/main/resources/database.properties (No such file or directory)
2018-09-13 15:11:35 ERROR Dao:25 - Connection error: Database/src/main/resources/database.properties (No such file or directory)
2018-09-13 15:11:35 ERROR Dao:25 - Connection error: Database/src/main/resources/database.properties (No such file or directory)
2018-09-13 15:11:35 ERROR Dao:25 - Connection error: Database/src/main/resources/database.properties (No such file or directory)
2018-09-13 15:11:35 ERROR Dao:25 - Connection error: Database/src/main/resources/database.properties (No such file or directory)
2018-09-13 15:11:35 ERROR Dao:25 - Connection error: Database/src/main/resources/database.properties (No such file or directory)
2018-09-13 17:30:12 ERROR Dao:25 - Connection error: Database/src/main/resources/database.properties (No such file or directory)
2018-09-13 17:30:12 ERROR Dao:25 - Connection error: Database/src/main/resources/database.properties (No such file or directory)
2018-09-13 17:30:12 ERROR Dao:25 - Connection error: Database/src/main/resources/database.properties (No such file or directory)
2018-09-13 17:30:12 ERROR Dao:25 - Connection error: Database/src/main/resources/database.properties (No such file or directory)
2018-09-13 17:30:12 ERROR Dao:25 - Connection error: Database/src/main/resources/database.properties (No such file or directory)
2018-09-13 17:30:12 ERROR Dao:25 - Connection error: Database/src/main/resources/database.properties (No such file or directory)
2018-09-13 17:30:12 ERROR Dao:25 - Connection error: Database/src/main/resources/database.properties (No such file or directory)
2018-09-13 17:30:12 ERROR Dao:25 - Connection error: Database/src/main/resources/database.properties (No such file or directory)
2018-09-13 18:16:08 ERROR Dao:25 - Connection error: Database/src/main/resources/database.properties (No such file or directory)
2018-09-13 18:16:08 ERROR Dao:25 - Connection error: Database/src/main/resources/database.properties (No such file or directory)
2018-09-13 18:16:08 ERROR Dao:25 - Connection error: Database/src/main/resources/database.properties (No such file or directory)
2018-09-13 18:16:08 ERROR Dao:25 - Connection error: Database/src/main/resources/database.properties (No such file or directory)
2018-09-13 18:16:08 ERROR Dao:25 - Connection error: Database/src/main/resources/database.properties (No such file or directory)
2018-09-13 18:16:08 ERROR Dao:25 - Connection error: Database/src/main/resources/database.properties (No such file or directory)
2018-09-13 18:16:08 ERROR Dao:25 - Connection error: Database/src/main/resources/database.properties (No such file or directory)
2018-09-13 18:16:08 ERROR Dao:25 - Connection error: Database/src/main/resources/database.properties (No such file or directory)
2018-09-19 23:08:15 ERROR AbstractDao:119 - src/main/resources/database.properties (No such file or directory)
2018-09-19 23:08:15 ERROR AbstractDao:119 - src/main/resources/database.properties (No such file or directory)
2018-09-19 23:08:15 ERROR AbstractDao:119 - src/main/resources/database.properties (No such file or directory)
2018-09-19 23:08:15 ERROR AbstractDao:119 - src/main/resources/database.properties (No such file or directory)
2018-09-19 23:08:15 ERROR AbstractDao:119 - src/main/resources/database.properties (No such file or directory)
2018-09-19 23:08:15 ERROR AbstractDao:119 - src/main/resources/database.properties (No such file or directory)
2018-09-19 23:08:15 ERROR AbstractDao:119 - src/main/resources/database.properties (No such file or directory)
2018-09-19 23:08:15 ERROR AbstractDao:119 - src/main/resources/database.properties (No such file or directory)
2018-09-19 23:08:15 ERROR AbstractDao:119 - src/main/resources/database.properties (No such file or directory)
2018-09-19 23:08:15 ERROR AbstractDao:119 - src/main/resources/database.properties (No such file or directory)
2018-09-19 23:13:48 ERROR AbstractDao:114 - Database/src/main/resources/database.properties (No such file or directory)
2018-09-19 23:13:48 ERROR AbstractDao:114 - Database/src/main/resources/database.properties (No such file or directory)
2018-09-19 23:13:48 ERROR AbstractDao:114 - Database/src/main/resources/database.properties (No such file or directory)
2018-09-19 23:13:48 ERROR AbstractDao:114 - Database/src/main/resources/database.properties (No such file or directory)
2018-09-19 23:13:48 ERROR AbstractDao:114 - Database/src/main/resources/database.properties (No such file or directory)
2018-09-19 23:13:48 ERROR AbstractDao:114 - Database/src/main/resources/database.properties (No such file or directory)
2018-09-19 23:13:48 ERROR AbstractDao:114 - Database/src/main/resources/database.properties (No such file or directory)
2018-09-19 23:13:48 ERROR AbstractDao:114 - Database/src/main/resources/database.properties (No such file or directory)
2018-09-19 23:13:48 ERROR AbstractDao:114 - Database/src/main/resources/database.properties (No such file or directory)
2018-09-19 23:13:48 ERROR AbstractDao:114 - Database/src/main/resources/database.properties (No such file or directory)
